<?xml version="1.0"?>
<testsuites>
  <testsuite name="PhantomJS 1.9.8 (Linux)" package="" timestamp="2014-12-10T21:18:18" id="0" hostname="carlosandre" tests="4" errors="0" failures="0" time="0.021">
    <properties>
      <property name="browser.fullName" value="Mozilla/5.0 (Unknown; Linux x86_64) AppleWebKit/534.34 (KHTML, like Gecko) PhantomJS/1.9.8 Safari/534.34"/>
    </properties>
    <testcase name="should create new instance of maskService" time="0.009" classname="PhantomJS 1.9.8 (Linux).MaskService create function"/>
    <testcase name="should create regex, divisors, options, indexes - mask: 9 repeat: 5" time="0.003" classname="PhantomJS 1.9.8 (Linux).MaskService generateRegex function"/>
    <testcase name="should create regex, divisors, options, indexes - mask: 39/19/9999" time="0.007" classname="PhantomJS 1.9.8 (Linux).MaskService generateRegex function"/>
    <testcase name="should return options object passed to generateRegex" time="0.002" classname="PhantomJS 1.9.8 (Linux).MaskService getOptions function"/>
    <system-out><![CDATA[
]]></system-out>
    <system-err/>
  </testsuite>
</testsuites>
